Using pre-set license
Built from '2021.3/staging' branch; Version is '2021.3.6f1 (7da38d85baf6) revision 8233869'; Using compiler version '192829333'; Build Type 'Release'
OS: 'Windows 10  (10.0.19044) 64bit Core' Language: 'ru' Physical Memory: 16326 MB
BatchMode: 1, IsHumanControllingUs: 0, StartBugReporterOnCrash: 0, Is64bit: 1, IsPro: 1

COMMAND LINE ARGUMENTS:
C:\Program Files\Unity\Hub\Editor\2021.3.6f1\Editor\Unity.exe
-adb2
-batchMode
-noUpm
-name
AssetImportWorker0
-projectPath
D:/GameDev/GeekBrains_Unity_study/WizardPlatformer
-logFile
Logs/AssetImportWorker0.log
-srvPort
62036
Successfully changed project path to: D:/GameDev/GeekBrains_Unity_study/WizardPlatformer
D:/GameDev/GeekBrains_Unity_study/WizardPlatformer
[UnityMemory] Configuration Parameters - Can be set up in boot.config
    "memorysetup-bucket-allocator-granularity=16"
    "memorysetup-bucket-allocator-bucket-count=8"
    "memorysetup-bucket-allocator-block-size=33554432"
    "memorysetup-bucket-allocator-block-count=8"
    "memorysetup-main-allocator-block-size=16777216"
    "memorysetup-thread-allocator-block-size=16777216"
    "memorysetup-gfx-main-allocator-block-size=16777216"
    "memorysetup-gfx-thread-allocator-block-size=16777216"
    "memorysetup-cache-allocator-block-size=4194304"
    "memorysetup-typetree-allocator-block-size=2097152"
    "memorysetup-profiler-bucket-allocator-granularity=16"
    "memorysetup-profiler-bucket-allocator-bucket-count=8"
    "memorysetup-profiler-bucket-allocator-block-size=33554432"
    "memorysetup-profiler-bucket-allocator-block-count=8"
    "memorysetup-profiler-allocator-block-size=16777216"
    "memorysetup-profiler-editor-allocator-block-size=1048576"
    "memorysetup-temp-allocator-size-main=16777216"
    "memorysetup-job-temp-allocator-block-size=2097152"
    "memorysetup-job-temp-allocator-block-size-background=1048576"
    "memorysetup-job-temp-allocator-reduction-small-platforms=262144"
    "memorysetup-temp-allocator-size-background-worker=32768"
    "memorysetup-temp-allocator-size-job-worker=262144"
    "memorysetup-temp-allocator-size-preload-manager=33554432"
    "memorysetup-temp-allocator-size-nav-mesh-worker=65536"
    "memorysetup-temp-allocator-size-audio-worker=65536"
    "memorysetup-temp-allocator-size-cloud-worker=32768"
    "memorysetup-temp-allocator-size-gi-baking-worker=262144"
    "memorysetup-temp-allocator-size-gfx=262144"
Refreshing native plugins compatible for Editor in 72.14 ms, found 4 plugins.
Preloading 0 native plugins for Editor in 0.00 ms.
Initialize engine version: 2021.3.6f1 (7da38d85baf6)
[Subsystems] Discovering subsystems at path C:/Program Files/Unity/Hub/Editor/2021.3.6f1/Editor/Data/Resources/UnitySubsystems
[Subsystems] Discovering subsystems at path D:/GameDev/GeekBrains_Unity_study/WizardPlatformer/Assets
GfxDevice: creating device client; threaded=0; jobified=0
Direct3D:
    Version:  Direct3D 11.0 [level 11.1]
    Renderer: NVIDIA GeForce RTX 3070 Ti (ID=0x2482)
    Vendor:   NVIDIA
    VRAM:     8041 MB
    Driver:   31.0.15.2225
Initialize mono
Mono path[0] = 'C:/Program Files/Unity/Hub/Editor/2021.3.6f1/Editor/Data/Managed'
Mono path[1] = 'C:/Program Files/Unity/Hub/Editor/2021.3.6f1/Editor/Data/MonoBleedingEdge/lib/mono/unityjit-win32'
Mono config path = 'C:/Program Files/Unity/Hub/Editor/2021.3.6f1/Editor/Data/MonoBleedingEdge/etc'
Using monoOptions --debugger-agent=transport=dt_socket,embedding=1,server=y,suspend=n,address=127.0.0.1:56864
Begin MonoManager ReloadAssembly
Registering precompiled unity dll's ...
Register platform support module: C:/Program Files/Unity/Hub/Editor/2021.3.6f1/Editor/Data/PlaybackEngines/WindowsStandaloneSupport/UnityEditor.WindowsStandalone.Extensions.dll
Register platform support module: C:/Program Files/Unity/Hub/Editor/2021.3.6f1/Editor/Data/PlaybackEngines/MetroSupport/UnityEditor.UWP.Extensions.dll
Registered in 0.006164 seconds.
Native extension for UWP target not found
Native extension for WindowsStandalone target not found
Refreshing native plugins compatible for Editor in 72.66 ms, found 4 plugins.
Preloading 0 native plugins for Editor in 0.00 ms.
Mono: successfully reloaded assembly
- Completed reload, in  0.486 seconds
Domain Reload Profiling:
	ReloadAssembly (486ms)
		BeginReloadAssembly (58ms)
			ExecutionOrderSort (0ms)
			DisableScriptedObjects (0ms)
			BackupInstance (0ms)
			ReleaseScriptingObjects (0ms)
			CreateAndSetChildDomain (1ms)
		EndReloadAssembly (346ms)
			LoadAssemblies (56ms)
			RebuildTransferFunctionScriptingTraits (0ms)
			SetupTypeCache (71ms)
			ReleaseScriptCaches (0ms)
			RebuildScriptCaches (28ms)
			SetupLoadedEditorAssemblies (207ms)
				LogAssemblyErrors (0ms)
				InitializePlatformSupportModulesInManaged (8ms)
				SetLoadedEditorAssemblies (0ms)
				RefreshPlugins (73ms)
				BeforeProcessingInitializeOnLoad (1ms)
				ProcessInitializeOnLoadAttributes (93ms)
				ProcessInitializeOnLoadMethodAttributes (32ms)
				AfterProcessingInitializeOnLoad (0ms)
				EditorAssembliesLoaded (0ms)
			ExecutionOrderSort2 (0ms)
			AwakeInstancesAfterBackupRestoration (0ms)
Platform modules already initialized, skipping
Registering precompiled user dll's ...
Registered in 0.003982 seconds.
Begin MonoManager ReloadAssembly
Symbol file LoadedFromMemory doesn't match image D:\GameDev\GeekBrains_Unity_study\WizardPlatformer\Library\PackageCache\com.unity.visualscripting@1.7.8\Editor\VisualScripting.Core\Dependencies\YamlDotNet\Unity.VisualScripting.YamlDotNet.dll
Symbol file LoadedFromMemory doesn't match image D:\GameDev\GeekBrains_Unity_study\WizardPlatformer\Library\PackageCache\com.unity.visualscripting@1.7.8\Editor\VisualScripting.Core\Dependencies\DotNetZip\Unity.VisualScripting.IonicZip.dll
Native extension for UWP target not found
Native extension for WindowsStandalone target not found
Refreshing native plugins compatible for Editor in 72.36 ms, found 4 plugins.
Preloading 0 native plugins for Editor in 0.00 ms.
Mono: successfully reloaded assembly
- Completed reload, in  0.900 seconds
Domain Reload Profiling:
	ReloadAssembly (901ms)
		BeginReloadAssembly (98ms)
			ExecutionOrderSort (0ms)
			DisableScriptedObjects (6ms)
			BackupInstance (0ms)
			ReleaseScriptingObjects (0ms)
			CreateAndSetChildDomain (19ms)
		EndReloadAssembly (719ms)
			LoadAssemblies (70ms)
			RebuildTransferFunctionScriptingTraits (0ms)
			SetupTypeCache (179ms)
			ReleaseScriptCaches (1ms)
			RebuildScriptCaches (49ms)
			SetupLoadedEditorAssemblies (390ms)
				LogAssemblyErrors (0ms)
				InitializePlatformSupportModulesInManaged (6ms)
				SetLoadedEditorAssemblies (0ms)
				RefreshPlugins (72ms)
				BeforeProcessingInitializeOnLoad (85ms)
				ProcessInitializeOnLoadAttributes (188ms)
				ProcessInitializeOnLoadMethodAttributes (32ms)
				AfterProcessingInitializeOnLoad (7ms)
				EditorAssembliesLoaded (0ms)
			ExecutionOrderSort2 (0ms)
			AwakeInstancesAfterBackupRestoration (4ms)
Platform modules already initialized, skipping
========================================================================
Worker process is ready to serve import requests
Launched and connected shader compiler UnityShaderCompiler.exe after 0.04 seconds
Refreshing native plugins compatible for Editor in 0.83 ms, found 4 plugins.
Preloading 0 native plugins for Editor in 0.00 ms.
Unloading 4230 Unused Serialized files (Serialized files now loaded: 0)
Unloading 45 unused Assets / (222.3 KB). Loaded Objects now: 4682.
Memory consumption went from 230.5 MB to 230.3 MB.
Total: 3.377200 ms (FindLiveObjects: 0.304200 ms CreateObjectMapping: 0.175300 ms MarkObjects: 2.762600 ms  DeleteObjects: 0.134600 ms)

AssetImportParameters requested are different than current active one (requested -> active):
  custom:video-decoder-ogg-theora: a1e56fd34408186e4bbccfd4996cb3dc -> 
  custom:container-muxer-webm: aa71ff27fc2769a1b78a27578f13a17b -> 
  custom:container-demuxer-webm: 4f35f7cbe854078d1ac9338744f61a02 -> 
  custom:video-encoder-webm-vp8: eb34c28f22e8b96e1ab97ce403110664 -> 
  custom:audio-encoder-webm-vorbis: bf7c407c2cedff20999df2af8eb42d56 -> 
  custom:framework-win-MediaFoundation: 216162199b28c13a410421893ffa2e32 -> 
  custom:container-demuxer-ogg: 62fdf1f143b41e24485cea50d1cbac27 -> 
  custom:video-decoder-webm-vp8: 9c59270c3fd7afecdb556c50c9e8de78 -> 
  custom:audio-decoder-ogg-vorbis: bf7c407c2cedff20999df2af8eb42d56 -> 
========================================================================
Received Import Request.
  Time since last request: 1926424.543726 seconds.
  path: Assets/Scripts/GameState.cs
  artifactKey: Guid(5736a29498a9c5b49b12d38abcbb9b45) Importer(815301076,1909f56bfc062723c751e8b465ee728b)
Start importing Assets/Scripts/GameState.cs using Guid(5736a29498a9c5b49b12d38abcbb9b45) Importer(815301076,1909f56bfc062723c751e8b465ee728b)  -> (artifact id: '5fb8ee105e6b42568c4e43bbde71d785') in 0.028157 seconds 
========================================================================
Received Prepare
Registering precompiled user dll's ...
Registered in 0.004963 seconds.
Begin MonoManager ReloadAssembly
Symbol file LoadedFromMemory doesn't match image D:\GameDev\GeekBrains_Unity_study\WizardPlatformer\Library\PackageCache\com.unity.visualscripting@1.7.8\Editor\VisualScripting.Core\Dependencies\YamlDotNet\Unity.VisualScripting.YamlDotNet.dll
Symbol file LoadedFromMemory doesn't match image D:\GameDev\GeekBrains_Unity_study\WizardPlatformer\Library\PackageCache\com.unity.visualscripting@1.7.8\Editor\VisualScripting.Core\Dependencies\DotNetZip\Unity.VisualScripting.IonicZip.dll
Native extension for UWP target not found
Native extension for WindowsStandalone target not found
Refreshing native plugins compatible for Editor in 0.82 ms, found 4 plugins.
Preloading 0 native plugins for Editor in 0.00 ms.
Mono: successfully reloaded assembly
- Completed reload, in  0.734 seconds
Domain Reload Profiling:
	ReloadAssembly (734ms)
		BeginReloadAssembly (107ms)
			ExecutionOrderSort (0ms)
			DisableScriptedObjects (6ms)
			BackupInstance (0ms)
			ReleaseScriptingObjects (0ms)
			CreateAndSetChildDomain (34ms)
		EndReloadAssembly (560ms)
			LoadAssemblies (70ms)
			RebuildTransferFunctionScriptingTraits (0ms)
			SetupTypeCache (167ms)
			ReleaseScriptCaches (1ms)
			RebuildScriptCaches (33ms)
			SetupLoadedEditorAssemblies (262ms)
				LogAssemblyErrors (0ms)
				InitializePlatformSupportModulesInManaged (10ms)
				SetLoadedEditorAssemblies (0ms)
				RefreshPlugins (1ms)
				BeforeProcessingInitializeOnLoad (59ms)
				ProcessInitializeOnLoadAttributes (156ms)
				ProcessInitializeOnLoadMethodAttributes (29ms)
				AfterProcessingInitializeOnLoad (6ms)
				EditorAssembliesLoaded (0ms)
			ExecutionOrderSort2 (0ms)
			AwakeInstancesAfterBackupRestoration (6ms)
Platform modules already initialized, skipping
Refreshing native plugins compatible for Editor in 1.71 ms, found 4 plugins.
Preloading 0 native plugins for Editor in 0.00 ms.
Unloading 4222 Unused Serialized files (Serialized files now loaded: 0)
Unloading 32 unused Assets / (189.8 KB). Loaded Objects now: 4686.
Memory consumption went from 230.1 MB to 229.9 MB.
Total: 3.161600 ms (FindLiveObjects: 0.257200 ms CreateObjectMapping: 0.159700 ms MarkObjects: 2.634100 ms  DeleteObjects: 0.110300 ms)

AssetImportParameters requested are different than current active one (requested -> active):
  custom:video-decoder-ogg-theora: a1e56fd34408186e4bbccfd4996cb3dc -> 
  custom:container-muxer-webm: aa71ff27fc2769a1b78a27578f13a17b -> 
  custom:container-demuxer-webm: 4f35f7cbe854078d1ac9338744f61a02 -> 
  custom:video-encoder-webm-vp8: eb34c28f22e8b96e1ab97ce403110664 -> 
  custom:audio-encoder-webm-vorbis: bf7c407c2cedff20999df2af8eb42d56 -> 
  custom:framework-win-MediaFoundation: 216162199b28c13a410421893ffa2e32 -> 
  custom:container-demuxer-ogg: 62fdf1f143b41e24485cea50d1cbac27 -> 
  custom:video-decoder-webm-vp8: 9c59270c3fd7afecdb556c50c9e8de78 -> 
  custom:audio-decoder-ogg-vorbis: bf7c407c2cedff20999df2af8eb42d56 -> 
========================================================================
Received Import Request.
  Time since last request: 10.705272 seconds.
  path: Assets/Scripts/ENUMs
  artifactKey: Guid(b2c66c2897fc4434981fc04adedfed7b) Importer(815301076,1909f56bfc062723c751e8b465ee728b)
Start importing Assets/Scripts/ENUMs using Guid(b2c66c2897fc4434981fc04adedfed7b) Importer(815301076,1909f56bfc062723c751e8b465ee728b)  -> (artifact id: 'b16826986b21f3d77f5dfe8e1bb28e90') in 0.010959 seconds 
========================================================================
Received Prepare
Registering precompiled user dll's ...
Registered in 0.003852 seconds.
Begin MonoManager ReloadAssembly
Symbol file LoadedFromMemory doesn't match image D:\GameDev\GeekBrains_Unity_study\WizardPlatformer\Library\PackageCache\com.unity.visualscripting@1.7.8\Editor\VisualScripting.Core\Dependencies\YamlDotNet\Unity.VisualScripting.YamlDotNet.dll
Symbol file LoadedFromMemory doesn't match image D:\GameDev\GeekBrains_Unity_study\WizardPlatformer\Library\PackageCache\com.unity.visualscripting@1.7.8\Editor\VisualScripting.Core\Dependencies\DotNetZip\Unity.VisualScripting.IonicZip.dll
Native extension for UWP target not found
Native extension for WindowsStandalone target not found
Refreshing native plugins compatible for Editor in 0.83 ms, found 4 plugins.
Preloading 0 native plugins for Editor in 0.00 ms.
Mono: successfully reloaded assembly
- Completed reload, in  0.754 seconds
Domain Reload Profiling:
	ReloadAssembly (755ms)
		BeginReloadAssembly (116ms)
			ExecutionOrderSort (0ms)
			DisableScriptedObjects (6ms)
			BackupInstance (0ms)
			ReleaseScriptingObjects (0ms)
			CreateAndSetChildDomain (36ms)
		EndReloadAssembly (568ms)
			LoadAssemblies (72ms)
			RebuildTransferFunctionScriptingTraits (0ms)
			SetupTypeCache (159ms)
			ReleaseScriptCaches (2ms)
			RebuildScriptCaches (36ms)
			SetupLoadedEditorAssemblies (270ms)
				LogAssemblyErrors (0ms)
				InitializePlatformSupportModulesInManaged (10ms)
				SetLoadedEditorAssemblies (0ms)
				RefreshPlugins (1ms)
				BeforeProcessingInitializeOnLoad (60ms)
				ProcessInitializeOnLoadAttributes (161ms)
				ProcessInitializeOnLoadMethodAttributes (30ms)
				AfterProcessingInitializeOnLoad (8ms)
				EditorAssembliesLoaded (0ms)
			ExecutionOrderSort2 (0ms)
			AwakeInstancesAfterBackupRestoration (7ms)
Platform modules already initialized, skipping
Refreshing native plugins compatible for Editor in 1.57 ms, found 4 plugins.
Preloading 0 native plugins for Editor in 0.00 ms.
Unloading 4222 Unused Serialized files (Serialized files now loaded: 0)
Unloading 32 unused Assets / (189.9 KB). Loaded Objects now: 4689.
Memory consumption went from 230.1 MB to 229.9 MB.
Total: 2.932800 ms (FindLiveObjects: 0.257700 ms CreateObjectMapping: 0.132700 ms MarkObjects: 2.447600 ms  DeleteObjects: 0.094300 ms)

AssetImportParameters requested are different than current active one (requested -> active):
  custom:video-decoder-ogg-theora: a1e56fd34408186e4bbccfd4996cb3dc -> 
  custom:container-muxer-webm: aa71ff27fc2769a1b78a27578f13a17b -> 
  custom:container-demuxer-webm: 4f35f7cbe854078d1ac9338744f61a02 -> 
  custom:video-encoder-webm-vp8: eb34c28f22e8b96e1ab97ce403110664 -> 
  custom:audio-encoder-webm-vorbis: bf7c407c2cedff20999df2af8eb42d56 -> 
  custom:framework-win-MediaFoundation: 216162199b28c13a410421893ffa2e32 -> 
  custom:container-demuxer-ogg: 62fdf1f143b41e24485cea50d1cbac27 -> 
  custom:video-decoder-webm-vp8: 9c59270c3fd7afecdb556c50c9e8de78 -> 
  custom:audio-decoder-ogg-vorbis: bf7c407c2cedff20999df2af8eb42d56 -> 
========================================================================
Received Import Request.
  Time since last request: 144.233126 seconds.
  path: Assets/Scripts/ENUMs/GameState.cs
  artifactKey: Guid(5736a29498a9c5b49b12d38abcbb9b45) Importer(815301076,1909f56bfc062723c751e8b465ee728b)
Start importing Assets/Scripts/ENUMs/GameState.cs using Guid(5736a29498a9c5b49b12d38abcbb9b45) Importer(815301076,1909f56bfc062723c751e8b465ee728b)  -> (artifact id: '9cad211cff3fdda416095b42ac173343') in 0.008207 seconds 
========================================================================
Received Prepare
Registering precompiled user dll's ...
Registered in 0.003827 seconds.
Begin MonoManager ReloadAssembly
Symbol file LoadedFromMemory doesn't match image D:\GameDev\GeekBrains_Unity_study\WizardPlatformer\Library\PackageCache\com.unity.visualscripting@1.7.8\Editor\VisualScripting.Core\Dependencies\YamlDotNet\Unity.VisualScripting.YamlDotNet.dll
Symbol file LoadedFromMemory doesn't match image D:\GameDev\GeekBrains_Unity_study\WizardPlatformer\Library\PackageCache\com.unity.visualscripting@1.7.8\Editor\VisualScripting.Core\Dependencies\DotNetZip\Unity.VisualScripting.IonicZip.dll
Native extension for UWP target not found
Native extension for WindowsStandalone target not found
Refreshing native plugins compatible for Editor in 0.79 ms, found 4 plugins.
Preloading 0 native plugins for Editor in 0.00 ms.
Mono: successfully reloaded assembly
- Completed reload, in  0.707 seconds
Domain Reload Profiling:
	ReloadAssembly (707ms)
		BeginReloadAssembly (106ms)
			ExecutionOrderSort (0ms)
			DisableScriptedObjects (6ms)
			BackupInstance (0ms)
			ReleaseScriptingObjects (0ms)
			CreateAndSetChildDomain (33ms)
		EndReloadAssembly (535ms)
			LoadAssemblies (67ms)
			RebuildTransferFunctionScriptingTraits (0ms)
			SetupTypeCache (149ms)
			ReleaseScriptCaches (1ms)
			RebuildScriptCaches (32ms)
			SetupLoadedEditorAssemblies (259ms)
				LogAssemblyErrors (0ms)
				InitializePlatformSupportModulesInManaged (10ms)
				SetLoadedEditorAssemblies (0ms)
				RefreshPlugins (1ms)
				BeforeProcessingInitializeOnLoad (60ms)
				ProcessInitializeOnLoadAttributes (148ms)
				ProcessInitializeOnLoadMethodAttributes (32ms)
				AfterProcessingInitializeOnLoad (8ms)
				EditorAssembliesLoaded (0ms)
			ExecutionOrderSort2 (0ms)
			AwakeInstancesAfterBackupRestoration (6ms)
Platform modules already initialized, skipping
Refreshing native plugins compatible for Editor in 1.65 ms, found 4 plugins.
Preloading 0 native plugins for Editor in 0.00 ms.
Unloading 4222 Unused Serialized files (Serialized files now loaded: 0)
Unloading 32 unused Assets / (189.9 KB). Loaded Objects now: 4692.
Memory consumption went from 230.1 MB to 229.9 MB.
Total: 3.328700 ms (FindLiveObjects: 0.248000 ms CreateObjectMapping: 0.131800 ms MarkObjects: 2.823800 ms  DeleteObjects: 0.124600 ms)

AssetImportParameters requested are different than current active one (requested -> active):
  custom:video-decoder-ogg-theora: a1e56fd34408186e4bbccfd4996cb3dc -> 
  custom:container-muxer-webm: aa71ff27fc2769a1b78a27578f13a17b -> 
  custom:container-demuxer-webm: 4f35f7cbe854078d1ac9338744f61a02 -> 
  custom:video-encoder-webm-vp8: eb34c28f22e8b96e1ab97ce403110664 -> 
  custom:audio-encoder-webm-vorbis: bf7c407c2cedff20999df2af8eb42d56 -> 
  custom:framework-win-MediaFoundation: 216162199b28c13a410421893ffa2e32 -> 
  custom:container-demuxer-ogg: 62fdf1f143b41e24485cea50d1cbac27 -> 
  custom:video-decoder-webm-vp8: 9c59270c3fd7afecdb556c50c9e8de78 -> 
  custom:audio-decoder-ogg-vorbis: bf7c407c2cedff20999df2af8eb42d56 -> 
========================================================================
Received Import Request.
  Time since last request: 29.413194 seconds.
  path: Assets/Scripts/Utils/SubscribtableProperty.cs
  artifactKey: Guid(ffa7feee6523a16479a1f4a2c098bc5f) Importer(815301076,1909f56bfc062723c751e8b465ee728b)
Start importing Assets/Scripts/Utils/SubscribtableProperty.cs using Guid(ffa7feee6523a16479a1f4a2c098bc5f) Importer(815301076,1909f56bfc062723c751e8b465ee728b)  -> (artifact id: '26d354a4bf01e7278da0778a1c5ae92b') in 0.069106 seconds 
========================================================================
Received Prepare
Registering precompiled user dll's ...
Registered in 0.004116 seconds.
Begin MonoManager ReloadAssembly
Symbol file LoadedFromMemory doesn't match image D:\GameDev\GeekBrains_Unity_study\WizardPlatformer\Library\PackageCache\com.unity.visualscripting@1.7.8\Editor\VisualScripting.Core\Dependencies\YamlDotNet\Unity.VisualScripting.YamlDotNet.dll
Symbol file LoadedFromMemory doesn't match image D:\GameDev\GeekBrains_Unity_study\WizardPlatformer\Library\PackageCache\com.unity.visualscripting@1.7.8\Editor\VisualScripting.Core\Dependencies\DotNetZip\Unity.VisualScripting.IonicZip.dll
Native extension for UWP target not found
Native extension for WindowsStandalone target not found
Refreshing native plugins compatible for Editor in 0.92 ms, found 4 plugins.
Preloading 0 native plugins for Editor in 0.00 ms.
Mono: successfully reloaded assembly
- Completed reload, in  0.789 seconds
Domain Reload Profiling:
	ReloadAssembly (790ms)
		BeginReloadAssembly (118ms)
			ExecutionOrderSort (0ms)
			DisableScriptedObjects (6ms)
			BackupInstance (0ms)
			ReleaseScriptingObjects (0ms)
			CreateAndSetChildDomain (37ms)
		EndReloadAssembly (596ms)
			LoadAssemblies (73ms)
			RebuildTransferFunctionScriptingTraits (0ms)
			SetupTypeCache (164ms)
			ReleaseScriptCaches (1ms)
			RebuildScriptCaches (39ms)
			SetupLoadedEditorAssemblies (289ms)
				LogAssemblyErrors (0ms)
				InitializePlatformSupportModulesInManaged (11ms)
				SetLoadedEditorAssemblies (0ms)
				RefreshPlugins (1ms)
				BeforeProcessingInitializeOnLoad (66ms)
				ProcessInitializeOnLoadAttributes (174ms)
				ProcessInitializeOnLoadMethodAttributes (30ms)
				AfterProcessingInitializeOnLoad (7ms)
				EditorAssembliesLoaded (0ms)
			ExecutionOrderSort2 (0ms)
			AwakeInstancesAfterBackupRestoration (7ms)
Platform modules already initialized, skipping
Refreshing native plugins compatible for Editor in 2.20 ms, found 4 plugins.
Preloading 0 native plugins for Editor in 0.00 ms.
Unloading 4223 Unused Serialized files (Serialized files now loaded: 0)
Unloading 32 unused Assets / (191.2 KB). Loaded Objects now: 4696.
Memory consumption went from 230.1 MB to 229.9 MB.
Total: 3.399200 ms (FindLiveObjects: 0.310600 ms CreateObjectMapping: 0.083900 ms MarkObjects: 2.817000 ms  DeleteObjects: 0.186800 ms)

AssetImportParameters requested are different than current active one (requested -> active):
  custom:video-decoder-ogg-theora: a1e56fd34408186e4bbccfd4996cb3dc -> 
  custom:container-muxer-webm: aa71ff27fc2769a1b78a27578f13a17b -> 
  custom:container-demuxer-webm: 4f35f7cbe854078d1ac9338744f61a02 -> 
  custom:video-encoder-webm-vp8: eb34c28f22e8b96e1ab97ce403110664 -> 
  custom:audio-encoder-webm-vorbis: bf7c407c2cedff20999df2af8eb42d56 -> 
  custom:framework-win-MediaFoundation: 216162199b28c13a410421893ffa2e32 -> 
  custom:container-demuxer-ogg: 62fdf1f143b41e24485cea50d1cbac27 -> 
  custom:video-decoder-webm-vp8: 9c59270c3fd7afecdb556c50c9e8de78 -> 
  custom:audio-decoder-ogg-vorbis: bf7c407c2cedff20999df2af8eb42d56 -> 
========================================================================
Received Import Request.
  Time since last request: 48.403165 seconds.
  path: Assets/Scripts/Interfaces/ISubscriptable.cs
  artifactKey: Guid(f705f75ce0b76b842ade127c03a25fc5) Importer(815301076,1909f56bfc062723c751e8b465ee728b)
Start importing Assets/Scripts/Interfaces/ISubscriptable.cs using Guid(f705f75ce0b76b842ade127c03a25fc5) Importer(815301076,1909f56bfc062723c751e8b465ee728b)  -> (artifact id: '3d06c7949fc005b8b4a5638d9566e7ce') in 0.011725 seconds 
========================================================================
Received Prepare
Registering precompiled user dll's ...
Registered in 0.004736 seconds.
Begin MonoManager ReloadAssembly
Symbol file LoadedFromMemory doesn't match image D:\GameDev\GeekBrains_Unity_study\WizardPlatformer\Library\PackageCache\com.unity.visualscripting@1.7.8\Editor\VisualScripting.Core\Dependencies\YamlDotNet\Unity.VisualScripting.YamlDotNet.dll
Symbol file LoadedFromMemory doesn't match image D:\GameDev\GeekBrains_Unity_study\WizardPlatformer\Library\PackageCache\com.unity.visualscripting@1.7.8\Editor\VisualScripting.Core\Dependencies\DotNetZip\Unity.VisualScripting.IonicZip.dll
Native extension for UWP target not found
Native extension for WindowsStandalone target not found
Refreshing native plugins compatible for Editor in 0.88 ms, found 4 plugins.
Preloading 0 native plugins for Editor in 0.00 ms.
Mono: successfully reloaded assembly
- Completed reload, in  0.780 seconds
Domain Reload Profiling:
	ReloadAssembly (780ms)
		BeginReloadAssembly (118ms)
			ExecutionOrderSort (0ms)
			DisableScriptedObjects (6ms)
			BackupInstance (0ms)
			ReleaseScriptingObjects (0ms)
			CreateAndSetChildDomain (36ms)
		EndReloadAssembly (592ms)
			LoadAssemblies (76ms)
			RebuildTransferFunctionScriptingTraits (0ms)
			SetupTypeCache (167ms)
			ReleaseScriptCaches (1ms)
			RebuildScriptCaches (36ms)
			SetupLoadedEditorAssemblies (283ms)
				LogAssemblyErrors (0ms)
				InitializePlatformSupportModulesInManaged (10ms)
				SetLoadedEditorAssemblies (0ms)
				RefreshPlugins (1ms)
				BeforeProcessingInitializeOnLoad (60ms)
				ProcessInitializeOnLoadAttributes (175ms)
				ProcessInitializeOnLoadMethodAttributes (30ms)
				AfterProcessingInitializeOnLoad (6ms)
				EditorAssembliesLoaded (0ms)
			ExecutionOrderSort2 (0ms)
			AwakeInstancesAfterBackupRestoration (6ms)
Platform modules already initialized, skipping
Refreshing native plugins compatible for Editor in 2.01 ms, found 4 plugins.
Preloading 0 native plugins for Editor in 0.00 ms.
Unloading 4224 Unused Serialized files (Serialized files now loaded: 0)
Unloading 32 unused Assets / (190.0 KB). Loaded Objects now: 4700.
Memory consumption went from 230.1 MB to 230.0 MB.
Total: 3.507100 ms (FindLiveObjects: 0.318500 ms CreateObjectMapping: 0.181000 ms MarkObjects: 2.878000 ms  DeleteObjects: 0.129000 ms)

AssetImportParameters requested are different than current active one (requested -> active):
  custom:video-decoder-ogg-theora: a1e56fd34408186e4bbccfd4996cb3dc -> 
  custom:container-muxer-webm: aa71ff27fc2769a1b78a27578f13a17b -> 
  custom:container-demuxer-webm: 4f35f7cbe854078d1ac9338744f61a02 -> 
  custom:video-encoder-webm-vp8: eb34c28f22e8b96e1ab97ce403110664 -> 
  custom:audio-encoder-webm-vorbis: bf7c407c2cedff20999df2af8eb42d56 -> 
  custom:framework-win-MediaFoundation: 216162199b28c13a410421893ffa2e32 -> 
  custom:container-demuxer-ogg: 62fdf1f143b41e24485cea50d1cbac27 -> 
  custom:video-decoder-webm-vp8: 9c59270c3fd7afecdb556c50c9e8de78 -> 
  custom:audio-decoder-ogg-vorbis: bf7c407c2cedff20999df2af8eb42d56 -> 
========================================================================
Received Import Request.
  Time since last request: 187.162880 seconds.
  path: Assets/Scripts/Interfaces/ISubscriptable.cs
  artifactKey: Guid(f705f75ce0b76b842ade127c03a25fc5) Importer(815301076,1909f56bfc062723c751e8b465ee728b)
Start importing Assets/Scripts/Interfaces/ISubscriptable.cs using Guid(f705f75ce0b76b842ade127c03a25fc5) Importer(815301076,1909f56bfc062723c751e8b465ee728b)  -> (artifact id: 'dd9148b8e1d2f4cc6414ac4c9cec82e4') in 0.008696 seconds 
========================================================================
Received Prepare
Registering precompiled user dll's ...
Registered in 0.003802 seconds.
Begin MonoManager ReloadAssembly
Symbol file LoadedFromMemory doesn't match image D:\GameDev\GeekBrains_Unity_study\WizardPlatformer\Library\PackageCache\com.unity.visualscripting@1.7.8\Editor\VisualScripting.Core\Dependencies\YamlDotNet\Unity.VisualScripting.YamlDotNet.dll
Symbol file LoadedFromMemory doesn't match image D:\GameDev\GeekBrains_Unity_study\WizardPlatformer\Library\PackageCache\com.unity.visualscripting@1.7.8\Editor\VisualScripting.Core\Dependencies\DotNetZip\Unity.VisualScripting.IonicZip.dll
Native extension for UWP target not found
Native extension for WindowsStandalone target not found
Refreshing native plugins compatible for Editor in 0.62 ms, found 4 plugins.
Preloading 0 native plugins for Editor in 0.00 ms.
Mono: successfully reloaded assembly
- Completed reload, in  0.699 seconds
Domain Reload Profiling:
	ReloadAssembly (700ms)
		BeginReloadAssembly (103ms)
			ExecutionOrderSort (0ms)
			DisableScriptedObjects (6ms)
			BackupInstance (0ms)
			ReleaseScriptingObjects (0ms)
			CreateAndSetChildDomain (30ms)
		EndReloadAssembly (532ms)
			LoadAssemblies (66ms)
			RebuildTransferFunctionScriptingTraits (0ms)
			SetupTypeCache (153ms)
			ReleaseScriptCaches (1ms)
			RebuildScriptCaches (33ms)
			SetupLoadedEditorAssemblies (251ms)
				LogAssemblyErrors (0ms)
				InitializePlatformSupportModulesInManaged (9ms)
				SetLoadedEditorAssemblies (0ms)
				RefreshPlugins (1ms)
				BeforeProcessingInitializeOnLoad (59ms)
				ProcessInitializeOnLoadAttributes (147ms)
				ProcessInitializeOnLoadMethodAttributes (27ms)
				AfterProcessingInitializeOnLoad (7ms)
				EditorAssembliesLoaded (0ms)
			ExecutionOrderSort2 (0ms)
			AwakeInstancesAfterBackupRestoration (6ms)
Platform modules already initialized, skipping
Refreshing native plugins compatible for Editor in 1.80 ms, found 4 plugins.
Preloading 0 native plugins for Editor in 0.00 ms.
Unloading 4224 Unused Serialized files (Serialized files now loaded: 0)
Unloading 32 unused Assets / (190.0 KB). Loaded Objects now: 4703.
Memory consumption went from 230.2 MB to 230.0 MB.
Total: 2.880500 ms (FindLiveObjects: 0.257800 ms CreateObjectMapping: 0.084000 ms MarkObjects: 2.423000 ms  DeleteObjects: 0.115200 ms)

AssetImportParameters requested are different than current active one (requested -> active):
  custom:video-decoder-ogg-theora: a1e56fd34408186e4bbccfd4996cb3dc -> 
  custom:container-muxer-webm: aa71ff27fc2769a1b78a27578f13a17b -> 
  custom:container-demuxer-webm: 4f35f7cbe854078d1ac9338744f61a02 -> 
  custom:video-encoder-webm-vp8: eb34c28f22e8b96e1ab97ce403110664 -> 
  custom:audio-encoder-webm-vorbis: bf7c407c2cedff20999df2af8eb42d56 -> 
  custom:framework-win-MediaFoundation: 216162199b28c13a410421893ffa2e32 -> 
  custom:container-demuxer-ogg: 62fdf1f143b41e24485cea50d1cbac27 -> 
  custom:video-decoder-webm-vp8: 9c59270c3fd7afecdb556c50c9e8de78 -> 
  custom:audio-decoder-ogg-vorbis: bf7c407c2cedff20999df2af8eb42d56 -> 
========================================================================
Received Import Request.
  Time since last request: 1130.619008 seconds.
  path: Assets/Scripts/Controllers/Controller.cs
  artifactKey: Guid(0cb3cf67a2e012f4a90c1258dc18d8f2) Importer(815301076,1909f56bfc062723c751e8b465ee728b)
Start importing Assets/Scripts/Controllers/Controller.cs using Guid(0cb3cf67a2e012f4a90c1258dc18d8f2) Importer(815301076,1909f56bfc062723c751e8b465ee728b)  -> (artifact id: '9ba098fcd564d654801d3f24c951ed91') in 0.012512 seconds 
========================================================================
Received Import Request.
  Time since last request: 119.166530 seconds.
  path: Assets/Scripts/Controllers/Controller.cs
  artifactKey: Guid(0cb3cf67a2e012f4a90c1258dc18d8f2) Importer(815301076,1909f56bfc062723c751e8b465ee728b)
Start importing Assets/Scripts/Controllers/Controller.cs using Guid(0cb3cf67a2e012f4a90c1258dc18d8f2) Importer(815301076,1909f56bfc062723c751e8b465ee728b)  -> (artifact id: '7c9da2514ff0d0ac5e0a878e8b281509') in 0.001733 seconds 
========================================================================
Received Import Request.
  Time since last request: 148.579184 seconds.
  path: Assets/Scripts/Controllers/Controller.cs
  artifactKey: Guid(0cb3cf67a2e012f4a90c1258dc18d8f2) Importer(815301076,1909f56bfc062723c751e8b465ee728b)
Start importing Assets/Scripts/Controllers/Controller.cs using Guid(0cb3cf67a2e012f4a90c1258dc18d8f2) Importer(815301076,1909f56bfc062723c751e8b465ee728b)  -> (artifact id: '8beeb0f22669b3ea815b9667fd001742') in 0.001362 seconds 
========================================================================
Received Import Request.
  Time since last request: 7.710338 seconds.
  path: Assets/Scripts/Controllers/Controller.cs
  artifactKey: Guid(0cb3cf67a2e012f4a90c1258dc18d8f2) Importer(815301076,1909f56bfc062723c751e8b465ee728b)
Start importing Assets/Scripts/Controllers/Controller.cs using Guid(0cb3cf67a2e012f4a90c1258dc18d8f2) Importer(815301076,1909f56bfc062723c751e8b465ee728b)  -> (artifact id: 'a40e94c66097ac72843f65afe8f351ef') in 0.001778 seconds 
========================================================================
Received Import Request.
  Time since last request: 3857.203669 seconds.
  path: Assets/Scripts/Models.cs
  artifactKey: Guid(663b5beea5b05394598456d93d82a1de) Importer(815301076,1909f56bfc062723c751e8b465ee728b)
Start importing Assets/Scripts/Models.cs using Guid(663b5beea5b05394598456d93d82a1de) Importer(815301076,1909f56bfc062723c751e8b465ee728b)  -> (artifact id: '6dee962154395613c344420db27a42e8') in 0.006173 seconds 
========================================================================
Received Import Request.
  Time since last request: 10.330910 seconds.
  path: Assets/Scripts/GameModel.cs
  artifactKey: Guid(663b5beea5b05394598456d93d82a1de) Importer(815301076,1909f56bfc062723c751e8b465ee728b)
Start importing Assets/Scripts/GameModel.cs using Guid(663b5beea5b05394598456d93d82a1de) Importer(815301076,1909f56bfc062723c751e8b465ee728b)  -> (artifact id: '76b500b04f4ceabd2747ccf060d820bd') in 0.006437 seconds 
========================================================================
Received Import Request.
  Time since last request: 5.961803 seconds.
  path: Assets/Scripts/Models
  artifactKey: Guid(969eb4ef308d38641b35c94f873c7e5d) Importer(815301076,1909f56bfc062723c751e8b465ee728b)
Start importing Assets/Scripts/Models using Guid(969eb4ef308d38641b35c94f873c7e5d) Importer(815301076,1909f56bfc062723c751e8b465ee728b)  -> (artifact id: 'd96b488bab74eefc4c16fe58c2a57b7c') in 0.001726 seconds 
========================================================================
Received Import Request.
  Time since last request: 310.705715 seconds.
  path: Assets/Scripts/Utils/ResourceLoader.cs
  artifactKey: Guid(4de8f4548eae9164880ec666bac9e2ea) Importer(815301076,1909f56bfc062723c751e8b465ee728b)
Start importing Assets/Scripts/Utils/ResourceLoader.cs using Guid(4de8f4548eae9164880ec666bac9e2ea) Importer(815301076,1909f56bfc062723c751e8b465ee728b)  -> (artifact id: 'b86ba7ae4d8b365c6c052925273d07e0') in 0.007018 seconds 
========================================================================
Received Import Request.
  Time since last request: 435.956504 seconds.
  path: Assets/Scripts/Utils/ResourceLoader.cs
  artifactKey: Guid(4de8f4548eae9164880ec666bac9e2ea) Importer(815301076,1909f56bfc062723c751e8b465ee728b)
Start importing Assets/Scripts/Utils/ResourceLoader.cs using Guid(4de8f4548eae9164880ec666bac9e2ea) Importer(815301076,1909f56bfc062723c751e8b465ee728b)  -> (artifact id: '2d17b771d4bc4441e07553f866fa0d22') in 0.001700 seconds 
========================================================================
Received Import Request.
  Time since last request: 6.732227 seconds.
  path: Assets/Scripts/Utils/ResourceLoader.cs
  artifactKey: Guid(4de8f4548eae9164880ec666bac9e2ea) Importer(815301076,1909f56bfc062723c751e8b465ee728b)
Start importing Assets/Scripts/Utils/ResourceLoader.cs using Guid(4de8f4548eae9164880ec666bac9e2ea) Importer(815301076,1909f56bfc062723c751e8b465ee728b)  -> (artifact id: '7aaad0a82538cf2e488981952a909d12') in 0.001331 seconds 
========================================================================
Received Import Request.
  Time since last request: 166.267762 seconds.
  path: Assets/Scripts/Controllers/GameController.cs
  artifactKey: Guid(b97ec5bfb31360e439a53656168bf0d3) Importer(815301076,1909f56bfc062723c751e8b465ee728b)
Start importing Assets/Scripts/Controllers/GameController.cs using Guid(b97ec5bfb31360e439a53656168bf0d3) Importer(815301076,1909f56bfc062723c751e8b465ee728b)  -> (artifact id: '727a2c015cf53fb837d4a72914560e0b') in 0.006293 seconds 
========================================================================
Received Import Request.
  Time since last request: 33.215548 seconds.
  path: Assets/Scripts/Controllers/GameController.cs
  artifactKey: Guid(b97ec5bfb31360e439a53656168bf0d3) Importer(815301076,1909f56bfc062723c751e8b465ee728b)
Start importing Assets/Scripts/Controllers/GameController.cs using Guid(b97ec5bfb31360e439a53656168bf0d3) Importer(815301076,1909f56bfc062723c751e8b465ee728b)  -> (artifact id: 'b0dfd1f63bd96b866092a792b145e6ff') in 0.001912 seconds 
========================================================================
Received Import Request.
  Time since last request: 217.204408 seconds.
  path: Assets/Scripts/Controllers/GameController.cs
  artifactKey: Guid(b97ec5bfb31360e439a53656168bf0d3) Importer(815301076,1909f56bfc062723c751e8b465ee728b)
Start importing Assets/Scripts/Controllers/GameController.cs using Guid(b97ec5bfb31360e439a53656168bf0d3) Importer(815301076,1909f56bfc062723c751e8b465ee728b)  -> (artifact id: '56f16a2d08e05b4f904dbf7c78b7a67c') in 0.001657 seconds 
========================================================================
Received Import Request.
  Time since last request: 39.433584 seconds.
  path: Assets/Scripts/Controllers/GameController.cs
  artifactKey: Guid(b97ec5bfb31360e439a53656168bf0d3) Importer(815301076,1909f56bfc062723c751e8b465ee728b)
Start importing Assets/Scripts/Controllers/GameController.cs using Guid(b97ec5bfb31360e439a53656168bf0d3) Importer(815301076,1909f56bfc062723c751e8b465ee728b)  -> (artifact id: 'ac9a92ec4989b273554d2c1fabc5e6ca') in 0.001965 seconds 
========================================================================
Received Import Request.
  Time since last request: 137.445512 seconds.
  path: Assets/Scripts/Controllers/GameController.cs
  artifactKey: Guid(b97ec5bfb31360e439a53656168bf0d3) Importer(815301076,1909f56bfc062723c751e8b465ee728b)
Start importing Assets/Scripts/Controllers/GameController.cs using Guid(b97ec5bfb31360e439a53656168bf0d3) Importer(815301076,1909f56bfc062723c751e8b465ee728b)  -> (artifact id: '0bb4bfc5d67725ae4f409166855ec71b') in 0.001688 seconds 
========================================================================
Received Import Request.
  Time since last request: 60.507271 seconds.
  path: Assets/Scripts/Controllers/GameController.cs
  artifactKey: Guid(b97ec5bfb31360e439a53656168bf0d3) Importer(815301076,1909f56bfc062723c751e8b465ee728b)
Start importing Assets/Scripts/Controllers/GameController.cs using Guid(b97ec5bfb31360e439a53656168bf0d3) Importer(815301076,1909f56bfc062723c751e8b465ee728b)  -> (artifact id: '584f394801949f526419b7104966b6e4') in 0.001726 seconds 
========================================================================
Received Import Request.
  Time since last request: 101.212565 seconds.
  path: Assets/Scripts/Controllers/LevelController.cs
  artifactKey: Guid(5d55fc368ba5e204e81ea68aa06f2ef6) Importer(815301076,1909f56bfc062723c751e8b465ee728b)
Start importing Assets/Scripts/Controllers/LevelController.cs using Guid(5d55fc368ba5e204e81ea68aa06f2ef6) Importer(815301076,1909f56bfc062723c751e8b465ee728b)  -> (artifact id: '780d0b7f73ab3a90178d191a9821de49') in 0.005589 seconds 
========================================================================
Received Import Request.
  Time since last request: 117.362652 seconds.
  path: Assets/Scripts/Controllers/LevelController.cs
  artifactKey: Guid(5d55fc368ba5e204e81ea68aa06f2ef6) Importer(815301076,1909f56bfc062723c751e8b465ee728b)
Start importing Assets/Scripts/Controllers/LevelController.cs using Guid(5d55fc368ba5e204e81ea68aa06f2ef6) Importer(815301076,1909f56bfc062723c751e8b465ee728b)  -> (artifact id: 'a3f5efdbd29b25b82f80a6c57422ab16') in 0.001664 seconds 
========================================================================
Received Import Request.
  Time since last request: 40.351797 seconds.
  path: Assets/Scripts/Controllers/MainMenuController.cs
  artifactKey: Guid(4fc4ffc686762db40a5b5d8bf0dccbea) Importer(815301076,1909f56bfc062723c751e8b465ee728b)
Start importing Assets/Scripts/Controllers/MainMenuController.cs using Guid(4fc4ffc686762db40a5b5d8bf0dccbea) Importer(815301076,1909f56bfc062723c751e8b465ee728b)  -> (artifact id: '474b2cd7776375345b609bc4a8136e6c') in 0.005190 seconds 
========================================================================
Received Import Request.
  Time since last request: 299.660120 seconds.
  path: Assets/Scripts/Views/MainMenuView.cs
  artifactKey: Guid(c16b087c4d6ef634a871bf6b678dbe6f) Importer(815301076,1909f56bfc062723c751e8b465ee728b)
Start importing Assets/Scripts/Views/MainMenuView.cs using Guid(c16b087c4d6ef634a871bf6b678dbe6f) Importer(815301076,1909f56bfc062723c751e8b465ee728b)  -> (artifact id: 'e59d2df4ff348b9e7294528ec6556f7f') in 0.006519 seconds 
========================================================================
Received Import Request.
  Time since last request: 18.978615 seconds.
  path: Assets/Scripts/Views/View.cs
  artifactKey: Guid(a8d4cdb77a59f5e4bbfeb8e02da5f6ea) Importer(815301076,1909f56bfc062723c751e8b465ee728b)
Start importing Assets/Scripts/Views/View.cs using Guid(a8d4cdb77a59f5e4bbfeb8e02da5f6ea) Importer(815301076,1909f56bfc062723c751e8b465ee728b)  -> (artifact id: 'd22b4334dc55d48cb0d0038f412024e9') in 0.005898 seconds 
========================================================================
Received Import Request.
  Time since last request: 309.578291 seconds.
  path: Assets/Scripts/Views/View.cs
  artifactKey: Guid(a8d4cdb77a59f5e4bbfeb8e02da5f6ea) Importer(815301076,1909f56bfc062723c751e8b465ee728b)
Start importing Assets/Scripts/Views/View.cs using Guid(a8d4cdb77a59f5e4bbfeb8e02da5f6ea) Importer(815301076,1909f56bfc062723c751e8b465ee728b)  -> (artifact id: 'a252d40d1e0322220b7d662fca819e5b') in 0.002096 seconds 
========================================================================
Received Import Request.
  Time since last request: 37.549862 seconds.
  path: Assets/Scripts/Utils/ResourceLoader.cs
  artifactKey: Guid(4de8f4548eae9164880ec666bac9e2ea) Importer(815301076,1909f56bfc062723c751e8b465ee728b)
Start importing Assets/Scripts/Utils/ResourceLoader.cs using Guid(4de8f4548eae9164880ec666bac9e2ea) Importer(815301076,1909f56bfc062723c751e8b465ee728b)  -> (artifact id: 'e271b3cde2759842ae153ca4d3dd80c5') in 0.001546 seconds 
========================================================================
Received Import Request.
  Time since last request: 771.732615 seconds.
  path: Assets/Scripts/Views/MainMenuView.cs
  artifactKey: Guid(c16b087c4d6ef634a871bf6b678dbe6f) Importer(815301076,1909f56bfc062723c751e8b465ee728b)
Start importing Assets/Scripts/Views/MainMenuView.cs using Guid(c16b087c4d6ef634a871bf6b678dbe6f) Importer(815301076,1909f56bfc062723c751e8b465ee728b)  -> (artifact id: '6e7874d7e6683e9ea15336e56cbd4878') in 0.001957 seconds 
========================================================================
Received Import Request.
  Time since last request: 92.361361 seconds.
  path: Assets/Scripts/Views/MainMenuView.cs
  artifactKey: Guid(c16b087c4d6ef634a871bf6b678dbe6f) Importer(815301076,1909f56bfc062723c751e8b465ee728b)
Start importing Assets/Scripts/Views/MainMenuView.cs using Guid(c16b087c4d6ef634a871bf6b678dbe6f) Importer(815301076,1909f56bfc062723c751e8b465ee728b)  -> (artifact id: '6de81d05b628d342fcecbb50494de738') in 0.001931 seconds 
========================================================================
Received Import Request.
  Time since last request: 1282.812565 seconds.
  path: Assets/Prefabs
  artifactKey: Guid(ad3a839c760ed7245bfafdbdf7a67d26) Importer(815301076,1909f56bfc062723c751e8b465ee728b)
Start importing Assets/Prefabs using Guid(ad3a839c760ed7245bfafdbdf7a67d26) Importer(815301076,1909f56bfc062723c751e8b465ee728b)  -> (artifact id: 'e1c79e515c0d6b713834223dec9cdacd') in 0.004669 seconds 
========================================================================
Received Import Request.
  Time since last request: 0.060058 seconds.
  path: Assets/Prefabs/DamagingTrap.prefab
  artifactKey: Guid(96739c566510d42489519f6e348a23d3) Importer(815301076,1909f56bfc062723c751e8b465ee728b)
Start importing Assets/Prefabs/DamagingTrap.prefab using Guid(96739c566510d42489519f6e348a23d3) Importer(815301076,1909f56bfc062723c751e8b465ee728b)  -> (artifact id: '6865d8d87b56d1835686270af4c06de4') in 0.347907 seconds 
========================================================================
Received Import Request.
  Time since last request: 0.000024 seconds.
  path: Assets/Prefabs/Trap.prefab
  artifactKey: Guid(bc9fc2f06dad6434bada4f18cc937baa) Importer(815301076,1909f56bfc062723c751e8b465ee728b)
Start importing Assets/Prefabs/Trap.prefab using Guid(bc9fc2f06dad6434bada4f18cc937baa) Importer(815301076,1909f56bfc062723c751e8b465ee728b)  -> (artifact id: '2dc2ac2ed499a95ef57e4171f9a590d6') in 0.021892 seconds 
========================================================================
Received Import Request.
  Time since last request: 0.000030 seconds.
  path: Assets/Prefabs/WindZone.prefab
  artifactKey: Guid(5e9d143ca88a29140b278697e092a39b) Importer(815301076,1909f56bfc062723c751e8b465ee728b)
Start importing Assets/Prefabs/WindZone.prefab using Guid(5e9d143ca88a29140b278697e092a39b) Importer(815301076,1909f56bfc062723c751e8b465ee728b)  -> (artifact id: 'dd0feee9c0fd3c4dd5ce7ae2d8f95e03') in 0.028501 seconds 
========================================================================
Received Import Request.
  Time since last request: 1.960452 seconds.
  path: Assets/Prefabs/Resources/Bowl.prefab
  artifactKey: Guid(86ffe9cbb37d66c4380b1d3ce67494ee) Importer(815301076,1909f56bfc062723c751e8b465ee728b)
Start importing Assets/Prefabs/Resources/Bowl.prefab using Guid(86ffe9cbb37d66c4380b1d3ce67494ee) Importer(815301076,1909f56bfc062723c751e8b465ee728b)  -> (artifact id: 'bb4bf619417050df6bf933343e31990c') in 0.293769 seconds 
========================================================================
Received Import Request.
  Time since last request: 0.000021 seconds.
  path: Assets/Prefabs/Resources/RopeBridge.prefab
  artifactKey: Guid(153e1bd938c727444a566b33175c2e8f) Importer(815301076,1909f56bfc062723c751e8b465ee728b)
Start importing Assets/Prefabs/Resources/RopeBridge.prefab using Guid(153e1bd938c727444a566b33175c2e8f) Importer(815301076,1909f56bfc062723c751e8b465ee728b)  -> (artifact id: '823089521b95c49d3e709c5c91b8bd3a') in 0.018746 seconds 
========================================================================
Received Import Request.
  Time since last request: 0.000025 seconds.
  path: Assets/Prefabs/Resources/Portal.prefab
  artifactKey: Guid(e44f1600547e87a4bbc5c8df77e02d43) Importer(815301076,1909f56bfc062723c751e8b465ee728b)
Start importing Assets/Prefabs/Resources/Portal.prefab using Guid(e44f1600547e87a4bbc5c8df77e02d43) Importer(815301076,1909f56bfc062723c751e8b465ee728b)  -> (artifact id: '76580db3a8fb9a772f6b490a04cda69f') in 0.161352 seconds 
========================================================================
Received Import Request.
  Time since last request: 0.000017 seconds.
  path: Assets/Prefabs/Resources/JumpPlatform.prefab
  artifactKey: Guid(f44d2bfca8c8a0b458e469343aa20d25) Importer(815301076,1909f56bfc062723c751e8b465ee728b)
Start importing Assets/Prefabs/Resources/JumpPlatform.prefab using Guid(f44d2bfca8c8a0b458e469343aa20d25) Importer(815301076,1909f56bfc062723c751e8b465ee728b)  -> (artifact id: '3ee175a4e74a90b366f836f283448152') in 0.159671 seconds 
========================================================================
Received Import Request.
  Time since last request: 5.300546 seconds.
  path: Assets/Prefabs/Resources/UI
  artifactKey: Guid(4f02d889a836c9749a10187cb180f009) Importer(815301076,1909f56bfc062723c751e8b465ee728b)
Start importing Assets/Prefabs/Resources/UI using Guid(4f02d889a836c9749a10187cb180f009) Importer(815301076,1909f56bfc062723c751e8b465ee728b)  -> (artifact id: '0429a4b8a491f975ea60423657f06de4') in 0.004688 seconds 
Editor requested this worker to shutdown with reason: Scaling down because of idle timeout
AssetImportWorker is now disconnected from the server
Process exiting
Exiting without the bug reporter. Application will terminate with return code 0